  game.cpp
H:\Desktop\NUS\Y3S2\misc\learncpp\jumper\jumper\tile.h(4,10): warning C4067: unexpected tokens following preprocessor directive - expected a newline
H:\Desktop\NUS\Y3S2\misc\learncpp\jumper\jumper\savestate.h(68,83): warning C4244: 'argument': conversion from 'float' to 'int', possible loss of data
H:\Desktop\NUS\Y3S2\misc\learncpp\jumper\jumper\savestate.h(68,56): warning C4244: 'argument': conversion from 'float' to 'int', possible loss of data
H:\Desktop\NUS\Y3S2\misc\learncpp\jumper\jumper\text.h(7,10): warning C4067: unexpected tokens following preprocessor directive - expected a newline
H:\Desktop\NUS\Y3S2\misc\learncpp\jumper\jumper\game.cpp(65,80): warning C4244: 'argument': conversion from 'const float' to 'int', possible loss of data
H:\Desktop\NUS\Y3S2\misc\learncpp\jumper\jumper\game.cpp(65,52): warning C4244: 'argument': conversion from 'const float' to 'int', possible loss of data
H:\Desktop\NUS\Y3S2\misc\learncpp\jumper\jumper\game.cpp(77,23): warning C4244: 'initializing': conversion from 'Uint64' to 'int', possible loss of data
H:\Desktop\NUS\Y3S2\misc\learncpp\jumper\jumper\game.cpp(151,27): warning C4244: 'argument': conversion from 'float' to 'int', possible loss of data
H:\Desktop\NUS\Y3S2\misc\learncpp\jumper\jumper\game.cpp(201,82): warning C4244: 'argument': conversion from 'const float' to 'int', possible loss of data
H:\Desktop\NUS\Y3S2\misc\learncpp\jumper\jumper\game.cpp(201,54): warning C4244: 'argument': conversion from 'const float' to 'int', possible loss of data
H:\Desktop\NUS\Y3S2\misc\learncpp\jumper\jumper\game.cpp(282,44): warning C4244: 'initializing': conversion from 'Uint64' to 'int', possible loss of data
H:\Desktop\NUS\Y3S2\misc\learncpp\jumper\jumper\game.cpp(282,28): warning C4244: 'initializing': conversion from 'Uint64' to 'const int', possible loss of data
H:\Desktop\NUS\Y3S2\misc\learncpp\jumper\jumper\game.cpp(284,23): warning C4244: 'argument': conversion from 'const _Ty' to 'float', possible loss of data
          with
          [
              _Ty=int
          ]
H:\Desktop\NUS\Y3S2\misc\learncpp\jumper\jumper\game.cpp(315,39): warning C4244: 'argument': conversion from 'float' to 'int', possible loss of data
H:\Desktop\NUS\Y3S2\misc\learncpp\jumper\jumper\game.cpp(316,48): warning C4244: 'argument': conversion from 'float' to 'int', possible loss of data
H:\Desktop\NUS\Y3S2\misc\learncpp\jumper\jumper\game.cpp(367,44): warning C4244: 'initializing': conversion from 'Uint64' to 'int', possible loss of data
H:\Desktop\NUS\Y3S2\misc\learncpp\jumper\jumper\game.cpp(367,28): warning C4244: 'initializing': conversion from 'Uint64' to 'const int', possible loss of data
H:\Desktop\NUS\Y3S2\misc\learncpp\jumper\jumper\game.cpp(369,23): warning C4244: 'argument': conversion from 'const _Ty' to 'float', possible loss of data
          with
          [
              _Ty=int
          ]
H:\Desktop\NUS\Y3S2\misc\learncpp\jumper\jumper\game.cpp(401,44): warning C4244: 'initializing': conversion from 'Uint64' to 'int', possible loss of data
H:\Desktop\NUS\Y3S2\misc\learncpp\jumper\jumper\game.cpp(401,28): warning C4244: 'initializing': conversion from 'Uint64' to 'const int', possible loss of data
H:\Desktop\NUS\Y3S2\misc\learncpp\jumper\jumper\game.cpp(403,23): warning C4244: 'argument': conversion from 'const _Ty' to 'float', possible loss of data
          with
          [
              _Ty=int
          ]
H:\Desktop\NUS\Y3S2\misc\learncpp\jumper\jumper\game.cpp(423,44): warning C4244: 'initializing': conversion from 'Uint64' to 'int', possible loss of data
H:\Desktop\NUS\Y3S2\misc\learncpp\jumper\jumper\game.cpp(423,28): warning C4244: 'initializing': conversion from 'Uint64' to 'const int', possible loss of data
H:\Desktop\NUS\Y3S2\misc\learncpp\jumper\jumper\game.cpp(425,23): warning C4244: 'argument': conversion from 'const _Ty' to 'float', possible loss of data
          with
          [
              _Ty=int
          ]
  jumper.vcxproj -> H:\Desktop\NUS\Y3S2\misc\learncpp\jumper\x64\Debug\jumper.exe
